<?xml version="1.0" encoding="UTF-8"?>
<!-- Generated by org.testng.reporters.JUnitXMLReporter -->
<testsuite ignored="0" hostname="eshwars-MacBook-Air.local" failures="0" tests="3" name="Test1" time="77.579" errors="0" timestamp="22 Jun 2021 11:02:04 GMT">
  <testcase classname="com.qa.testScripts.FlipKartAddingtoCart" name="cart" time="21.701"/>
  <testcase classname="com.qa.testScripts.FlipKartAddingtoCart" name="cart" time="21.381"/>
  <testcase classname="com.qa.testScripts.FlipKartAddingtoCart" name="cart" time="21.034"/>
</testsuite> <!-- Test1 -->
